# JRE version: Java(TM) SE Runtime Environment (8.0_191-b12) (build 1.8.0_191-b12)
# Java VM: Java HotSpot(TM) Client VM (25.191-b12 mixed mode windows-x86 )
Heap:
 def new generation   total 64576K, used 55982K [0x04800000, 0x08e10000, 0x0f2a0000)
  eden space 57408K,  92% used [0x04800000, 0x07baa598, 0x08010000)
  from space 7168K,  42% used [0x08010000, 0x083113e0, 0x08710000)
  to   space 7168K,   0% used [0x08710000, 0x08710000, 0x08e10000)
 tenured generation   total 143424K, used 83130K [0x0f2a0000, 0x17eb0000, 0x24800000)
   the space 143424K,  57% used [0x0f2a0000, 0x143ce828, 0x143cea00, 0x17eb0000)
 Metaspace       used 25520K, capacity 26060K, committed 26240K, reserved 27008K
GC Heap History (10 events):
Event: 1441.841 GC heap before
{Heap before GC invocations=27 (full 4):
 def new generation   total 64576K, used 61330K [0x04800000, 0x08e10000, 0x0f2a0000)
  eden space 57408K, 100% used [0x04800000, 0x08010000, 0x08010000)
  from space 7168K,  54% used [0x08710000, 0x08ae4b98, 0x08e10000)
  to   space 7168K,   0% used [0x08010000, 0x08010000, 0x08710000)
 tenured generation   total 143424K, used 143349K [0x0f2a0000, 0x17eb0000, 0x24800000)
   the space 143424K,  99% used [0x0f2a0000, 0x17e9d6e0, 0x17e9d800, 0x17eb0000)
 Metaspace       used 25337K, capacity 25868K, committed 25984K, reserved 25984K
Event: 1441.914 GC heap after
Heap after GC invocations=28 (full 5):
 def new generation   total 64576K, used 0K [0x04800000, 0x08e10000, 0x0f2a0000)
  eden space 57408K,   0% used [0x04800000, 0x04800000, 0x08010000)
  from space 7168K,   0% used [0x08010000, 0x08010000, 0x08710000)
  to   space 7168K,   0% used [0x08710000, 0x08710000, 0x08e10000)
 tenured generation   total 143424K, used 83130K [0x0f2a0000, 0x17eb0000, 0x24800000)
   the space 143424K,  57% used [0x0f2a0000, 0x143ce828, 0x143cea00, 0x17eb0000)
 Metaspace       used 25329K, capacity 25858K, committed 25984K, reserved 25984K
}
Event: 2003.886 GC heap before
{Heap before GC invocations=28 (full 5):
 def new generation   total 64576K, used 57408K [0x04800000, 0x08e10000, 0x0f2a0000)
  eden space 57408K, 100% used [0x04800000, 0x08010000, 0x08010000)
  from space 7168K,   0% used [0x08010000, 0x08010000, 0x08710000)
  to   space 7168K,   0% used [0x08710000, 0x08710000, 0x08e10000)
 tenured generation   total 143424K, used 83130K [0x0f2a0000, 0x17eb0000, 0x24800000)
   the space 143424K,  57% used [0x0f2a0000, 0x143ce828, 0x143cea00, 0x17eb0000)
 Metaspace       used 25331K, capacity 25863K, committed 25984K, reserved 25984K
Event: 2003.891 GC heap after
Heap after GC invocations=29 (full 5):
 def new generation   total 64576K, used 1671K [0x04800000, 0x08e10000, 0x0f2a0000)
  eden space 57408K,   0% used [0x04800000, 0x04800000, 0x08010000)
  from space 7168K,  23% used [0x08710000, 0x088b1c40, 0x08e10000)
  to   space 7168K,   0% used [0x08010000, 0x08010000, 0x08710000)
 tenured generation   total 143424K, used 83130K [0x0f2a0000, 0x17eb0000, 0x24800000)
   the space 143424K,  57% used [0x0f2a0000, 0x143ce828, 0x143cea00, 0x17eb0000)
 Metaspace       used 25331K, capacity 25863K, committed 25984K, reserved 25984K
}
Event: 2284.371 GC heap before
{Heap before GC invocations=29 (full 5):
 def new generation   total 64576K, used 59079K [0x04800000, 0x08e10000, 0x0f2a0000)
  eden space 57408K, 100% used [0x04800000, 0x08010000, 0x08010000)
  from space 7168K,  23% used [0x08710000, 0x088b1c40, 0x08e10000)
  to   space 7168K,   0% used [0x08010000, 0x08010000, 0x08710000)
 tenured generation   total 143424K, used 83130K [0x0f2a0000, 0x17eb0000, 0x24800000)
   the space 143424K,  57% used [0x0f2a0000, 0x143ce828, 0x143cea00, 0x17eb0000)
 Metaspace       used 25517K, capacity 26058K, committed 26240K, reserved 27008K
Event: 2284.379 GC heap after
Heap after GC invocations=30 (full 5):
 def new generation   total 64576K, used 2790K [0x04800000, 0x08e10000, 0x0f2a0000)
  eden space 57408K,   0% used [0x04800000, 0x04800000, 0x08010000)
  from space 7168K,  38% used [0x08010000, 0x082c9b60, 0x08710000)
  to   space 7168K,   0% used [0x08710000, 0x08710000, 0x08e10000)
 tenured generation   total 143424K, used 83130K [0x0f2a0000, 0x17eb0000, 0x24800000)
   the space 143424K,  57% used [0x0f2a0000, 0x143ce828, 0x143cea00, 0x17eb0000)
 Metaspace       used 25517K, capacity 26058K, committed 26240K, reserved 27008K
}
Event: 2562.586 GC heap before
{Heap before GC invocations=30 (full 5):
 def new generation   total 64576K, used 60198K [0x04800000, 0x08e10000, 0x0f2a0000)
  eden space 57408K, 100% used [0x04800000, 0x08010000, 0x08010000)
  from space 7168K,  38% used [0x08010000, 0x082c9b60, 0x08710000)
  to   space 7168K,   0% used [0x08710000, 0x08710000, 0x08e10000)
 tenured generation   total 143424K, used 83130K [0x0f2a0000, 0x17eb0000, 0x24800000)
   the space 143424K,  57% used [0x0f2a0000, 0x143ce828, 0x143cea00, 0x17eb0000)
 Metaspace       used 25519K, capacity 26060K, committed 26240K, reserved 27008K
Event: 2562.593 GC heap after
Heap after GC invocations=31 (full 5):
 def new generation   total 64576K, used 2713K [0x04800000, 0x08e10000, 0x0f2a0000)
  eden space 57408K,   0% used [0x04800000, 0x04800000, 0x08010000)
  from space 7168K,  37% used [0x08710000, 0x089b66c8, 0x08e10000)
  to   space 7168K,   0% used [0x08010000, 0x08010000, 0x08710000)
 tenured generation   total 143424K, used 83130K [0x0f2a0000, 0x17eb0000, 0x24800000)
   the space 143424K,  57% used [0x0f2a0000, 0x143ce828, 0x143cea00, 0x17eb0000)
 Metaspace       used 25519K, capacity 26060K, committed 26240K, reserved 27008K
}
Event: 2817.578 GC heap before
{Heap before GC invocations=31 (full 5):
 def new generation   total 64576K, used 60121K [0x04800000, 0x08e10000, 0x0f2a0000)
  eden space 57408K, 100% used [0x04800000, 0x08010000, 0x08010000)
  from space 7168K,  37% used [0x08710000, 0x089b66c8, 0x08e10000)
  to   space 7168K,   0% used [0x08010000, 0x08010000, 0x08710000)
 tenured generation   total 143424K, used 83130K [0x0f2a0000, 0x17eb0000, 0x24800000)
   the space 143424K,  57% used [0x0f2a0000, 0x143ce828, 0x143cea00, 0x17eb0000)
 Metaspace       used 25520K, capacity 26060K, committed 26240K, reserved 27008K
Event: 2817.588 GC heap after
Heap after GC invocations=32 (full 5):
 def new generation   total 64576K, used 3076K [0x04800000, 0x08e10000, 0x0f2a0000)
  eden space 57408K,   0% used [0x04800000, 0x04800000, 0x08010000)
  from space 7168K,  42% used [0x08010000, 0x083113e0, 0x08710000)
  to   space 7168K,   0% used [0x08710000, 0x08710000, 0x08e10000)
 tenured generation   total 143424K, used 83130K [0x0f2a0000, 0x17eb0000, 0x24800000)
   the space 143424K,  57% used [0x0f2a0000, 0x143ce828, 0x143cea00, 0x17eb0000)
 Metaspace       used 25520K, capacity 26060K, committed 26240K, reserved 27008K
}

